

======================================
Disk Partition Audit Report
Hostname: ubuntuSO
Date: 20260201_0750
======================================

-----------------------------------------------------------------------------------


[DISK] sda
	Size		:25G
	Tipo de Tabla	:gpt

	WARNING:
	El disco no esta montado

	Partitions:

	- sda1
		   size	  :1M
		   type	  :BIOSx20boot
		WARNING: La particion no esta montada CUIDADO


	- sda2
		   size	  :25G
		   type	  :Linuxx20filesystem

--------------------------------------------------------------------------------------------------------


[SUMARY]
  Total de discos detectados: 1
  Total de discos particionados: 1
  Total de discos no particionados: 0
  Cantidad de errores generados: 2

--------------------------------------------------------------------------------------------------------

   END OF REPORT

--------------------------------------------------------------------------------------------------------

